54
59
0
3
0
59
3
28
0
0
0
8
0
92
10
0
28
0
3
8
0
2
0
0
45
28
28
0
0
0
11
6
28
92
0
0
0
4
54
28
14
54
0
0
0
23
12
10
0
14
0
0
0
0
0
0
3
54
3
22
3
28
0
0
3
21
0
0
10
3
0
0
3
24
0
54
26
0
0
28
48
0
0
0
0
8
3
0
0
13
0
0
28
11
0
26
92
28
45
28
1
0
0
0
3
3
0
0
3
0
0
0
16
0
8
0
0
26
5
28
54
54
30
0
0
17
3
0
0
54
8
3
28
3
0
0
0
3
28
28
0
3
0
0
0
0
14
8
43
0
79
12
3
3
0
0
1
3
0
20
0
92
0
22
0
0
16
0
3
3
0
0
4
8
0
3
3
0
0
0
11
0
0
1
20
3
54
0
0
0
3
28
8
16
1
1
3
0
23
0
11
60
0
54
0
0
0
0
27
5
0
0
0
0
3
2
92
0
0
9
28
39
54
54
7
3
54
0
2
0
14
0
3
0
7
0
0
3
54
66
57
0
0
0
1
0
7
0
0
0
1
0
3
54
17
0
38
0
2
0
3
0
0
0
0
78
0
0
54
2
54
1
0
0
4
11
47
0
0
54
0
0
3
0
0
10
6
28
0
0
0
0
0
12
2
0
0
28
0
0
0
1
0
0
0
0
3
0
28
28
0
28
44
10
27
16
0
0
0
0
0
0
12
3
0
2
0
0
0
3
0
0
28
2
10
54
69
0
0
59
1
92
12
19
28
35
6
2
54
17
28
0
4
0
0
0
0
72
0
0
0
36
0
0
30
0
0
3
0
0
0
31
0
0
0
3
54
46
0
0
0
28
0
0
0
23
78
0
54
28
0
1
48
3
0
0
0
3
54
0
0
3
18
57
3
2
0
42
0
3
54
0
3
28
54
2
0
28
0
2
0
0
45
8
0
4
0
3
19
6
0
0
2
37
0
2
3
0
0
9
54
4
3
58
28
0
0
0
54
0
0
0
0
28
0
3
0
28
7
1
0
3
28
22
0
0
2
26
0
41
37
3
17
28
28
28
0
0
54
11
0
0
9
3
54
75
0
3
8
0
0
0
14
28
2
0
0
10
0
4
0
0
0
28
30
4
25
0
0
22
16
20
10
2
0
9
3
0
3
0
0
10
0
0
0
0
0
0
59
35
12
3
24
0
54
1
0
92
2
2
0
2
2
0
0
18
35
0
0
3
0
3
54
0
60
14
11
54
0
3
2
3
62
52
3
2
4
13
6
28
4
3
0
7
28
3
11
3
9
32
0
0
34
0
0
0
0
4
0
0
0
0
92
3
29
0
0
10
0
54
6
4
3
0
3
4
0
54
0
3
43
2
0
4
54
0
20
14
47
4
4
0
9
28
23
0
3
12
3
0
9
0
0
54
1
7
0
26
54
17
31
0
0
3
3
3
0
0
3
0
0
0
0
0
0
10
0
21
8
0
0
0
0
54
0
37
0
34
29
0
0
2
28
37
13
0
0
0
0
4
0
28
0
8
4
4
4
3
3
3
17
20
28
33
21
0
0
0
7
28
0
0
3
0
30
54
0
0
0
12
0
54
83
28
12
0
54
92
0
0
0
54
0
11
0
0
0
26
54
0
0
0
14
13
6
2
0
20
0
54
0
8
0
22
0
21
0
0
0
3
0
0
0
0
11
9
3
0
3
4
3
7
0
0
27
0
10
20
3
0
12
2
0
39
0
3
7
28
54
0
0
3
0
28
0
0
0
12
0
17
20
12
28
0
0
0
42
0
0
3
0
0
22
12
3
0
0
34
82
3
0
8
0
2
13
16
65
0
3
0
0
24
0
8
54
0
3
0
13
47
0
0
0
0
0
17
1
28
0
0
3
0
0
41
24
0
10
3
28
54
0
0
0
92
0
28
0
28
67
0
0
28
0
11
18
10
0
25
0
0
0
3
0
3
2
16
0
23
0
0
28
30
14
3
0
0
0
14
28
0
0
0
0
0
0
44
17
4
0
25
0
0
0
15
0
9
0
0
0
0
3
28
3
0
3
0
28
0
0
0
0
0
0
0
3
0
0
0
0
41
0
0
0
3
0
0
92
0
91
0
28
0
0
0
28
0
0
0
2
3
0
0
28
0
75
6
28
85
0
4
0
0
28
3
0
33
0
0
0
0
0
54
0
0
29
0
0
3
28
0
0
28
0
0
0
14
28
5
6
44
26
59
28
3
0
3
34
4
0
10
0
0
3
54
42
3
54
3
2
28
0
0
22
1
43
0
54
11
0
0
3
0
0
0
28
0
3
54
0
18
24
54
0
12
0
0
3
0
2
12
5
3
24
3
0
0
0
3
50
3
33
28
0
9
0
0
28
3
28
0
23
3
4
68
0
0
0
0
0
92
0
0
54
0
0
6
0
3
7
0
0
3
2
3
19
0
0
8
0
0
0
3
28
0
7
54
0
0
3
3
42
0
22
0
2
0
8
0
42
3
4
28
7
3
16
0
0
0
0
3
0
12
27
0
3
0
0
0
0
4
0
0
0
0
0
0
9
0
0
3
0
3
0
3
0
3
0
28
40
4
0
0
0
0
5
0
0
28
0
0
28
1
3
3
10
1
3
0
1
3
28
54
0
0
14
12
0
11
0
14
32
0
0
54
0
24
0
0
54
28
28
58
3
0
3
12
0
4
28
28
39
10
0
35
3
0
0
0
54
0
0
3
0
0
0
8
8
0
0
0
0
0
54
4
28
0
28
3
75
7
0
0
0
0
0
63
54
0
7
11
36
8
92
49
3
0
6
3
0
0
3
0
90
1
28
0
0
0
10
0
0
0
1
0
0
3
54
3
3
3
0
0
54
0
54
32
0
19
0
8
10
0
19
12
3
0
0
32
0
54
40
2
0
5
30
41
0
54
0
0
39
54
92
0
3
54
0
0
21
0
11
28
26
0
0
0
24
3
0
44
0
11
16
0
0
3
0
34
0
54
0
0
0
0
0
20
92
3
3
13
0
0
6
8
21
0
17
0
0
0
4
6
26
0
0
3
0
0
0
0
0
0
14
3
33
0
54
0
21
0
55
0
0
54
28
11
20
0
51
0
0
11
35
0
12
0
7
0
0
9
0
0
0
0
1
0
3
32
54
3
62
0
59
3
28
0
0
28
0
4
5
20
28
0
3
0
0
24
0
0
0
28
0
20
3
54
54
19
11
0
53
0
0
0
15
0
31
0
28
12
14
0
7
18
0
0
0
0
56
6
1
3
7
28
0
19
1
11
3
22
0
0
0
28
61
31
7
0
16
0
32
20
1
0
35
57
0
0
0
16
48
0
0
0
0
3
54
57
8
0
28
0
12
30
0
0
5
0
3
0
22
10
14
28
0
43
57
89
0
23
0
6
0
39
92
3
0
92
3
0
31
0
40
0
10
0
43
0
0
12
0
0
12
54
3
0
32
0
3
3
7
54
21
12
0
28
12
0
37
0
4
6
28
0
31
0
8
0
55
0
28
19
3
3
0
4
1
0
7
28
0
0
0
54
0
0
0
0
0
0
0
0
28
7
28
28
0
0
0
36
54
21
7
12
0
8
0
26
0
54
3
17
0
9
0
26
0
6
33
3
0
0
8
0
5
3
24
0
31
0
0
0
8
0
92
0
0
10
2
4
8
0
29
0
28
3
2
4
24
0
0
40
3
3
0
54
0
3
34
0
28
0
0
54
0
34
28
28
0
0
3
0
0
0
40
54
1
0
0
28
3
0
30
0
54
6
0
4
3
54
7
0
0
0
0
7
0
0
3
3
0
30
28
0
0
9
0
5
7
28
3
0
3
9
18
1
2
2
40
0
17
0
6
0
0
0
25
0
0
0
17
28
6
6
0
28
20
0
0
9
3
10
0
0
24
0
28
18
0
0
28
72
82
3
3
0
3
0
54
0
28
0
13
0
0
18
0
12
0
10
1
46
0
0
0
0
0
75
44
0
92
28
12
12
0
18
0
0
29
54
0
54
92
1
28
0
3
3
28
28
7
3
0
22
0
0
1
56
0
34
0
0
3
3
28
20
0
0
0
0
0
4
0
0
6
17
0
38
73
4
0
0
0
0
4
0
0
3
45
0
61
0
0
28
28
54
8
0
7
0
16
28
0
3
0
8
0
17
0
41
0
0
13
0
92
0
20
0
3
42
0
0
0
0
28
35
0
28
0
28
0
37
14
0
53
4
0
24
3
54
0
0
3
0
0
54
0
0
10
0
16
3
54
0
56
41
0
1
0
30
28
55
0
4
3
3
28
0
0
54
0
4
0
3
28
6
0
3
3
28
7
0
0
3
18
0
3
2
54
28
14
0
12
0
0
0
71
43
38
0
0
6
54
28
3
24
3
28
28
0
3
0
24
54
0
24
6
0
3
2
34
3
34
3
0
4
0
0
0
0
0
18
18
28
0
0
88
7
0
0
28
0
54
3
3
54
14
3
0
52
28
7
0
0
30
28
26
0
3
10
0
0
26
28
3
0
28
0
0
54
3
0
3
0
54
12
0
0
6
0
42
0
0
28
28
26
54
29
0
0
4
40
0
0
3
0
5
0
0
27
0
0
54
2
0
3
3
54
42
0
0
0
0
13
0
28
4
8
0
15
3
1
5
14
0
0
9
3
0
0
0
0
0
0
30
3
28
7
52
3
4
26
0
0
54
0
5
2
18
50
0
14
10
0
6
6
0
0
0
0
0
58
0
22
0
0
0
0
44
3
0
22
0
0
54
3
0
3
21
54
3
0
28
0
0
0
4
28
3
0
2
58
0
53
16
0
0
0
2
0
3
0
2
0
3
0
28
0
0
0
54
0
0
22
79
0
11
0
0
0
17
54
18
54
6
0
0
0
14
28
3
28
28
28
8
0
0
0
14
0
3
32
37
0
3
39
29
3
20
0
3
0
0
7
0
12
29
5
18
0
62
10
3
3
2
0
28
54
0
0
3
0
0
3
59
0
26
28
54
0
3
66
34
0
28
6
0
0
54
0
3
0
0
28
0
0
16
3
3
28
0
3
0
0
0
0
3
0
0
0
30
28
0
54
0
54
0
9
48
3
0
0
3
5
0
36
0
23
2
0
0
5
7
3
37
3
25
28
67
37
0
3
0
0
1
0
12
0
0
28
18
2
3
0
2
0
0
3
0
28
0
54
0
23
17
30
3
8
3
41
24
0
0
28
0
0
0
28
28
0
18
0
49
54
3
0
26
0
92
28
0
28
21
8
3
0
0
0
0
0
0
0
28
3
3
0
0
54
16
0
17
0
28
2
0
31
7
0
0
31
27
28
79
73
0
1
6
2
0
41
0
10
3
9
3
39
13
3
0
87
0
0
3
0
0
0
54
54
72
8
54
0
0
0
28
0
14
0
44
0
0
32
3
3
0
0
0
0
8
28
3
0
0
0
0
0
3
24
0
0
0
37
3
39
45
0
54
15
3
0
33
5
28
0
41
0
0
28
0
4
54
45
28
0
0
12
0
0
0
18
0
0
28
0
3
0
9
0
28
0
0
54
0
16
0
0
0
0
14
0
0
61
0
0
15
0
11
10
10
28
0
0
55
3
43
54
12
37
54
3
0
0
0
0
3
0
0
3
1
2
92
30
33
7
0
3
28
9
6
5
54
28
0
10
8
28
45
0
0
0
17
0
0
0
0
0
0
6
0
0
15
7
0
28
39
9
0
0
28
0
0
41
2
3
16
3
0
0
3
0
0
0
0
4
0
0
0
54
0
3
0
0
42
0
14
0
3
0
0
54
0
0
0
3
0
12
3
54
0
0
10
11
9
0
11
3
3
21
0
10
0
3
0
3
0
12
6
23
79
0
0
7
92
26
0
55
22
0
67
28
0
37
0
0
0
0
11
41
8
54
0
1
23
54
2
0
0
8
0
2
0
28
0
12
0
2
0
54
0
38
28
0
0
31
0
0
0
0
23
3
28
0
0
0
3
0
6
16
3
0
0
1
0
0
0
5
3
10
0
31
28
3
51
0
3
3
0
8
6
0
28
3
92
31
28
0
0
0
6
0
28
8
6
2
28
0
54
87
0
10
28
0
0
0
3
18
3
0
1
3
0
2
21
28
6
28
3
26
0
3
6
7
0
0
0
54
0
14
2
0
9
0
21
0
3
2
0
3
2
6
0
42
0
0
3
0
92
0
28
35
0
0
54
0
0
26
28
3
92
0
0
0
0
0
3
54
12
17
0
2
0
34
0
59
6
0
45
28
9
3
0
3
0
28
54
0
0
0
0
3
0
0
28
0
0
0
3
12
0
20
0
0
0
2
11
0
0
14
66
3
0
54
3
54
3
0
0
22
3
0
3
0
96
4
0
3
51
22
28
12
0
0
3
10
74
28
0
0
3
28
19
22
36
3
3
0
0
17
27
0
0
10
3
0
0
0
0
0
3
0
54
1
0
0
3
20
3
0
0
0
24
4
0
28
0
54
0
54
5
54
0
10
0
0
0
5
0
29
3
2
62
31
28
19
0
0
3
22
14
49
11
0
17
0
0
44
9
0
0
28
28
3
4
0
0
0
0
22
3
0
66
54
8
0
3
54
27
0
0
0
0
3
0
23
0
3
0
0
28
63
28
32
28
11
2
54
0
0
3
2
0
3
3
28
0
3
0
14
5
0
85
20
1
0
0
0
0
3
0
0
3
0
2
35
0
0
0
0
0
32
19
4
0
0
9
0
20
0
0
12
0
3
22
10
4
0
8
0
0
3
0
0
0
6
0
4
18
0
12
30
3
2
0
0
10
0
11
0
28
0
5
0
0
3
3
17
3
7
54
33
81
63
54
0
3
0
3
51
4
0
0
11
0
0
6
29
42
0
3
0
3
0
38
0
0
0
0
26
0
92
6
28
0
0
0
3
3
0
0
28
0
0
3
0
0
45
54
10
54
0
0
20
0
28
0
9
0
0
15
0
0
3
28
0
28
0
0
3
0
0
37
4
0
8
23
8
0
28
59
43
0
3
3
51
0
28
10
6
54
20
4
8
0
0
39
19
0
29
54
28
54
0
0
92
44
57
95
23
0
54
0
0
0
8
18
0
13
0
42
0
