7977
1
3
4
5
6
7
8
9
10
11
12
13
14
15
16
17
18
19
20
21
22
23
24
25
26
27
28
31
32
33
34
35
36
37
38
39
40
41
42
43
44
46
47
48
49
51
53
54
55
56
57
58
59
60
61
62
63
64
65
66
67
68
69
71
72
73
74
75
76
77
78
79
80
81
82
84
85
86
87
88
89
90
91
92
93
94
95
96
97
98
99
100
101
102
104
106
109
110
111
112
114
115
116
117
118
119
120
122
124
127
128
130
131
132
133
134
135
136
137
139
140
141
142
143
144
145
146
147
148
149
150
151
152
153
154
155
156
157
158
159
160
161
162
163
164
166
167
168
169
170
171
172
173
174
175
176
177
179
180
182
183
184
185
187
188
189
190
192
193
194
195
196
197
198
199
200
201
202
203
204
205
207
208
210
211
212
213
214
215
216
217
218
219
222
224
225
226
229
230
231
233
235
236
237
238
239
241
242
243
244
245
246
247
249
250
252
253
255
258
259
260
261
262
263
265
266
267
269
273
274
275
276
277
278
279
282
286
287
289
290
291
292
293
294
295
296
297
300
301
303
304
305
306
307
308
310
311
312
313
314
315
318
319
320
323
325
326
327
328
329
331
334
335
336
337
339
340
342
343
344
345
346
348
349
350
352
353
354
355
357
359
360
361
362
363
364
367
368
370
372
373
375
377
379
382
386
388
393
395
397
399
400
402
403
404
406
407
408
409
410
411
412
413
414
417
418
419
420
421
422
423
425
426
428
430
431
432
433
434
435
436
437
438
439
440
441
443
444
445
447
448
449
450
451
452
453
454
459
461
463
466
467
468
469
470
471
472
477
478
480
481
482
484
486
487
488
489
491
492
493
494
495
496
497
498
499
501
502
503
505
506
507
508
509
512
514
515
516
517
518
519
520
521
523
524
526
528
531
534
535
538
539
540
541
542
543
544
545
546
549
551
552
553
555
556
557
559
560
561
562
563
564
565
568
569
570
571
573
576
579
582
584
585
586
587
588
589
590
591
592
593
594
595
596
597
598
599
600
601
602
604
605
606
608
611
615
616
618
619
620
621
622
623
624
625
626
628
629
630
632
633
635
636
637
638
640
641
642
644
645
646
647
648
650
653
654
655
656
657
658
660
661
663
665
666
669
670
671
672
673
674
675
677
679
680
681
682
683
684
685
686
687
690
691
693
694
697
700
704
706
707
708
710
712
714
715
716
717
718
719
720
722
729
734
737
738
740
741
743
745
747
750
751
752
753
754
755
757
758
759
760
761
762
763
764
768
769
770
772
773
777
779
782
783
786
787
789
790
791
792
795
798
800
802
803
804
805
808
809
810
812
813
814
815
816
817
819
821
822
823
827
828
830
831
834
835
836
837
838
841
842
843
844
846
847
848
850
852
853
854
855
856
857
860
861
862
863
866
867
868
869
870
871
872
873
876
878
879
880
881
887
888
890
892
893
894
895
896
898
899
902
905
907
909
912
913
914
915
918
921
922
923
926
927
928
929
930
931
932
933
935
938
939
940
941
944
945
946
947
952
954
955
957
958
959
961
963
966
968
969
970
971
972
973
975
976
977
982
984
985
987
993
994
995
996
997
1000
