3093
2291
2778
1986
1632
1575
2033
1845
2104
2056
1799
2815
2482
1575
2291
1971
1829
2422
1971
2119
1905
2089
1575
2595
1907
2874
3014
1729
2303
1662
1615
1872
2037
2344
2601
2058
1994
2551
2056
1869
2815
2622
1615
1808
1901
1953
3123
2294
1998
2082
2219
2003
2948
2162
2655
1631
2291
1970
1575
2175
2129
1979
2482
1693
2808
2083
1575
2489
1986
2581
1723
2056
2089
2359
3123
1819
2056
2808
1911
1864
2554
2084
2421
2445
2169
1819
2129
1969
2188
1792
1970
1998
2467
2655
2778
1806
2169
2647
1842
1741
1905
2344
2587
2188
2217
1768
1905
1876
2176
1582
2119
2262
2054
2874
1646
2507
1906
1697
2422
2082
1917
1785
1660
2568
2378
1959
1969
1882
2590
2463
2344
1575
2898
2220
1796
1969
1814
1842
2083
1979
1802
1842
2291
2056
2058
1664
1995
2169
2874
2959
2212
2324
1994
2422
2841
2003
1729
1818
2074
1959
1729
2261
2188
1986
2941
2344
1907
1864
2745
2104
1612
2680
1971
2058
1601
2289
2482
1979
2261
1582
1651
2813
1995
1664
1723
1731
1869
1741
1741
1808
1732
1828
2217
1970
2778
2049
