-1
-1
797916
-1
831493
-1
-1
-1
830982
971009
815618
-1
828575
775665
797916
844952
-1
-1
812177
-1
834664
991804
967284
-1
957118
858906
920245
-1
-1
-1
882561
-1
989776
775981
-1
852865
815010
-1
852865
849352
-1
-1
-1
818451
915011
867229
-1
792362
867229
852722
-1
-1
944193
858906
815010
828575
582893
991804
971726
-1
807395
-1
969070
863020
-1
689106
915011
948067
882561
858906
879706
-1
879706
971009
-1
818451
844952
732261
920828
-1
969070
991804
934075
797916
828575
-1
867229
812177
898549
815618
-1
-1
879622
689106
879622
792362
879706
863020
775981
-1
879622
-1
815010
934075
967108
790980
-1
790980
852722
-1
921613
-1
-1
989776
753424
852722
915011
-1
732261
-1
991804
753424
-1
-1
880676
920828
-1
-1
815010
-1
966910
858906
-1
812177
-1
-1
880676
831493
-1
-1
961427
948067
-1
-1
800620
-1
772294
915011
775665
920828
-1
-1
920558
815618
882561
818451
863020
807395
-1
919708
-1
582893
-1
804514
948219
989776
880676
834664
967108
989776
874716
818451
790980
797916
900642
971009
689106
815618
-1
-1
934075
-1
950897
920245
920828
967284
944193
874716
-1
-1
934075
656489
-1
879706
-1
920558
