503441604
156501
292096887
317353407
88665449
985662899
276239
20405651
5423
168946546
300806068
479575999
2185258
19
904138843
469690109
342228190
524934421
11
177768237
956766972
5
184347261
43513806
413
350441039
565117559
842367671
882312783
313631
61826223
932592197
571843589
602005725
563050337
384939502
411220573
864628740
64106757
643274217
169
1235
36446
921519549
121692262
3021
2
26
41670446
663853806
47255
854331434
137438550
1218449
20934049
690848006
171113625
418959304
103121
528976918
16591507
1
91
489646076
291915661
72561637
339
1075400
985845536
120421
2868
359309762
3440791
343833883
135161
4691
2533
238698
3020489
4120409
5361
120495
219837
610589214
409495218
524677284
1815
6
303263746
3
42759277
108
72
41850911
293875697
244
211
52
3
207937074
